INFO:  latexindent.exe version 3.18, 2022-06-12, a script to indent .tex files
       latexindent.exe lives here: C:/texlive/2022/bin/win32/
       Tue Jul 23 20:22:52 2024
       Filename: n:/repos/tfm-project/final-document/tex/__latexindent_temp_1_Introduccion.tex
INFO:  Processing switches:
       -y|--yaml: YAML settings specified via command line
       -c|--cruft: cruft directory
INFO:  Directory for backup files and n:/repos/tfm-project/final-document//indent.log:
       n:/repos/tfm-project/final-document/
INFO:  YAML settings read: defaultSettings.yaml
       Reading defaultSettings.yaml from C:/texlive/2022/bin/win32/defaultSettings.yaml
       Reading defaultSettings.yaml (2nd attempt) from C:/texlive/2022/bin/win32/../../texmf-dist/scripts/latexindent/defaultSettings.yaml
       and then, if necessary, C:/texlive/2022/bin/win32/LatexIndent/defaultSettings.yaml
INFO:  YAML settings read: indentconfig.yaml or .indentconfig.yaml
       Home directory is C:\Users\sagud (didn't find either indentconfig.yaml or .indentconfig.yaml)
       To specify user settings you would put indentconfig.yaml here: C:\Users\sagud/indentconfig.yaml
       Alternatively, you can use the hidden file .indentconfig.yaml as: C:\Users\sagud/.indentconfig.yaml
INFO:  YAML settings read: -y switch
       YAML setting: defaultIndent:'    '
       single-quoted string found in -y switch: '    ', substitute to     
       Updating mainSettings with defaultIndent:     
INFO:  Phase 1: searching for objects
INFO:  Phase 2: finding surrounding indentation
INFO:  Phase 3: indenting objects
INFO:  Phase 4: final indentation check
INFO:  Output routine:
       Not outputting to file; see -w and -o switches for more options.
       --------------
INFO:  Please direct all communication/issues to:
        https://github.com/cmhughes/latexindent.pl
