\BOOKMARK [0][-]{section*.1}{\376\377\000\315\000n\000d\000i\000c\000e\000\040\000g\000e\000n\000e\000r\000a\000l}{}% 1
\BOOKMARK [0][-]{section*.2}{\376\377\000\315\000n\000d\000i\000c\000e\000\040\000d\000e\000\040\000f\000i\000g\000u\000r\000a\000s}{}% 2
\BOOKMARK [0][-]{section*.3}{\376\377\000\315\000n\000d\000i\000c\000e\000\040\000d\000e\000\040\000t\000a\000b\000l\000a\000s}{}% 3
\BOOKMARK [0][-]{chapter*.4}{\376\377\0001\000.\000\040\000I\000n\000t\000r\000o\000d\000u\000c\000c\000i\000\363\000n}{}% 4
\BOOKMARK [0][-]{chapter*.5}{\376\377\0002\000.\000\040\000O\000b\000j\000e\000t\000i\000v\000o\000s\000\040\000d\000e\000l\000\040\000p\000r\000o\000y\000e\000c\000t\000o}{}% 5
\BOOKMARK [0][-]{chapter*.6}{\376\377\0003\000.\000\040\000C\000o\000n\000c\000e\000p\000t\000o\000s\000\040\000t\000e\000\363\000r\000i\000c\000o\000s}{}% 6
\BOOKMARK [1][-]{section.3.1}{\376\377\000S\000e\000c\000c\000i\000o\000n\000e\000s}{chapter*.6}% 7
\BOOKMARK [1][-]{section.3.2}{\376\377\000R\000e\000f\000e\000r\000e\000n\000c\000i\000a\000s}{chapter*.6}% 8
\BOOKMARK [1][-]{section.3.3}{\376\377\000I\000m\000\341\000g\000e\000n\000e\000s}{chapter*.6}% 9
\BOOKMARK [1][-]{section.3.4}{\376\377\000L\000i\000s\000t\000a\000s\000\040\000d\000e\000\040\000i\000t\000e\000m\000s}{chapter*.6}% 10
\BOOKMARK [1][-]{section.3.5}{\376\377\000T\000a\000b\000l\000a\000s}{chapter*.6}% 11
\BOOKMARK [0][-]{chapter*.9}{\376\377\0004\000.\000\040\000T\000\351\000c\000n\000i\000c\000a\000s\000\040\000y\000\040\000h\000e\000r\000r\000a\000m\000i\000e\000n\000t\000a\000s}{}% 12
\BOOKMARK [0][-]{chapter*.10}{\376\377\0005\000.\000\040\000A\000s\000p\000e\000c\000t\000o\000s\000\040\000r\000e\000l\000e\000v\000a\000n\000t\000e\000s\000\040\000d\000e\000l\000\040\000d\000e\000s\000a\000r\000r\000o\000l\000l\000o\000\040\000d\000e\000l\000\040\000p\000r\000o\000y\000e\000c\000t\000o}{}% 13
\BOOKMARK [0][-]{chapter*.11}{\376\377\0006\000.\000\040\000T\000r\000a\000b\000a\000j\000o\000s\000\040\000r\000e\000l\000a\000c\000i\000o\000n\000a\000d\000o\000s}{}% 14
\BOOKMARK [0][-]{chapter*.12}{\376\377\0007\000.\000\040\000C\000o\000n\000c\000l\000u\000s\000i\000o\000n\000e\000s\000\040\000y\000\040\000L\000\355\000n\000e\000a\000s\000\040\000d\000e\000\040\000t\000r\000a\000b\000a\000j\000o\000\040\000f\000u\000t\000u\000r\000a\000s}{}% 15
\BOOKMARK [-1][-]{chapter*.12}{\376\377\000A\000p\000\351\000n\000d\000i\000c\000e\000s}{}% 16
\BOOKMARK [0][-]{appendix.Alph1}{\376\377\000P\000l\000a\000n\000\040\000d\000e\000\040\000P\000r\000o\000y\000e\000c\000t\000o}{chapter*.12}% 17
\BOOKMARK [1][-]{section.Alph1.1}{\376\377\000I\000n\000t\000r\000o\000d\000u\000c\000c\000i\000\363\000n}{appendix.Alph1}% 18
\BOOKMARK [1][-]{section.Alph1.2}{\376\377\000P\000l\000a\000n\000i\000f\000i\000c\000a\000c\000i\000\363\000n\000\040\000t\000e\000m\000p\000o\000r\000a\000l}{appendix.Alph1}% 19
\BOOKMARK [1][-]{section.Alph1.3}{\376\377\000E\000s\000t\000u\000d\000i\000o\000\040\000d\000e\000\040\000v\000i\000a\000b\000i\000l\000i\000d\000a\000d}{appendix.Alph1}% 20
\BOOKMARK [0][-]{appendix.Alph2}{\376\377\000E\000s\000p\000e\000c\000i\000f\000i\000c\000a\000c\000i\000\363\000n\000\040\000d\000e\000\040\000R\000e\000q\000u\000i\000s\000i\000t\000o\000s}{chapter*.12}% 21
\BOOKMARK [1][-]{section.Alph2.1}{\376\377\000I\000n\000t\000r\000o\000d\000u\000c\000c\000i\000\363\000n}{appendix.Alph2}% 22
\BOOKMARK [1][-]{section.Alph2.2}{\376\377\000O\000b\000j\000e\000t\000i\000v\000o\000s\000\040\000g\000e\000n\000e\000r\000a\000l\000e\000s}{appendix.Alph2}% 23
\BOOKMARK [1][-]{section.Alph2.3}{\376\377\000C\000a\000t\000a\000l\000o\000g\000o\000\040\000d\000e\000\040\000r\000e\000q\000u\000i\000s\000i\000t\000o\000s}{appendix.Alph2}% 24
\BOOKMARK [1][-]{section.Alph2.4}{\376\377\000E\000s\000p\000e\000c\000i\000f\000i\000c\000a\000c\000i\000\363\000n\000\040\000d\000e\000\040\000r\000e\000q\000u\000i\000s\000i\000t\000o\000s}{appendix.Alph2}% 25
\BOOKMARK [0][-]{appendix.Alph3}{\376\377\000D\000o\000c\000u\000m\000e\000n\000t\000o\000\040\000d\000e\000\040\000D\000i\000s\000e\000\361\000o}{chapter*.12}% 26
\BOOKMARK [1][-]{section.Alph3.1}{\376\377\000I\000n\000t\000r\000o\000d\000u\000c\000c\000i\000\363\000n}{appendix.Alph3}% 27
\BOOKMARK [1][-]{section.Alph3.2}{\376\377\000D\000i\000s\000e\000\361\000o\000\040\000d\000e\000\040\000d\000a\000t\000o\000s}{appendix.Alph3}% 28
\BOOKMARK [1][-]{section.Alph3.3}{\376\377\000D\000i\000s\000e\000\361\000o\000\040\000p\000r\000o\000c\000e\000d\000i\000m\000e\000n\000t\000a\000l}{appendix.Alph3}% 29
\BOOKMARK [1][-]{section.Alph3.4}{\376\377\000D\000i\000s\000e\000\361\000o\000\040\000a\000r\000q\000u\000i\000t\000e\000c\000t\000\363\000n\000i\000c\000o}{appendix.Alph3}% 30
\BOOKMARK [0][-]{appendix.Alph4}{\376\377\000D\000o\000c\000u\000m\000e\000n\000t\000a\000c\000i\000\363\000n\000\040\000d\000e\000l\000\040\000P\000r\000o\000g\000r\000a\000m\000a\000d\000o\000r}{chapter*.12}% 31
\BOOKMARK [1][-]{section.Alph4.1}{\376\377\000I\000n\000t\000r\000o\000d\000u\000c\000c\000i\000\363\000n}{appendix.Alph4}% 32
\BOOKMARK [1][-]{section.Alph4.2}{\376\377\000E\000s\000t\000r\000u\000c\000t\000u\000r\000a\000\040\000d\000e\000\040\000d\000i\000r\000e\000c\000t\000o\000r\000i\000o\000s}{appendix.Alph4}% 33
\BOOKMARK [1][-]{section.Alph4.3}{\376\377\000M\000a\000n\000u\000a\000l\000\040\000d\000e\000l\000\040\000p\000r\000o\000g\000r\000a\000m\000a\000d\000o\000r}{appendix.Alph4}% 34
\BOOKMARK [1][-]{section.Alph4.4}{\376\377\000C\000o\000m\000p\000i\000l\000a\000c\000i\000\363\000n\000,\000\040\000i\000n\000s\000t\000a\000l\000a\000c\000i\000\363\000n\000\040\000y\000\040\000e\000j\000e\000c\000u\000c\000i\000\363\000n\000\040\000d\000e\000l\000\040\000p\000r\000o\000y\000e\000c\000t\000o}{appendix.Alph4}% 35
\BOOKMARK [1][-]{section.Alph4.5}{\376\377\000P\000r\000u\000e\000b\000a\000s\000\040\000d\000e\000l\000\040\000s\000i\000s\000t\000e\000m\000a}{appendix.Alph4}% 36
\BOOKMARK [0][-]{appendix.Alph5}{\376\377\000D\000o\000c\000u\000m\000e\000n\000t\000a\000c\000i\000\363\000n\000\040\000d\000e\000\040\000u\000s\000u\000a\000r\000i\000o}{chapter*.12}% 37
\BOOKMARK [1][-]{section.Alph5.1}{\376\377\000I\000n\000t\000r\000o\000d\000u\000c\000c\000i\000\363\000n}{appendix.Alph5}% 38
\BOOKMARK [1][-]{section.Alph5.2}{\376\377\000R\000e\000q\000u\000i\000s\000i\000t\000o\000s\000\040\000d\000e\000\040\000u\000s\000u\000a\000r\000i\000o\000s}{appendix.Alph5}% 39
\BOOKMARK [1][-]{section.Alph5.3}{\376\377\000I\000n\000s\000t\000a\000l\000a\000c\000i\000\363\000n}{appendix.Alph5}% 40
\BOOKMARK [1][-]{section.Alph5.4}{\376\377\000M\000a\000n\000u\000a\000l\000\040\000d\000e\000l\000\040\000u\000s\000u\000a\000r\000i\000o}{appendix.Alph5}% 41
\BOOKMARK [0][-]{appendix*.17}{\376\377\000B\000i\000b\000l\000i\000o\000g\000r\000a\000f\000\355\000a}{chapter*.12}% 42
